{"numTotalTestSuites":19,"numPassedTestSuites":19,"numFailedTestSuites":0,"numPendingTestSuites":0,"numTotalTests":40,"numPassedTests":40,"numFailedTests":0,"numPendingTests":0,"numTodoTests":0,"snapshot":{"added":0,"failure":false,"filesAdded":0,"filesRemoved":0,"filesRemovedList":[],"filesUnmatched":0,"filesUpdated":0,"matched":0,"total":0,"unchecked":0,"uncheckedKeysByFile":[],"unmatched":0,"updated":0,"didUpdate":false},"startTime":1759054047141,"success":true,"testResults":[{"assertionResults":[{"ancestorTitles":["Security Tests","Business ID Isolation"],"fullName":"Security Tests Business ID Isolation should prevent cross-tenant data access","status":"passed","title":"should prevent cross-tenant data access","duration":2.241800000000012,"failureMessages":[],"meta":{}},{"ancestorTitles":["Security Tests","Business ID Isolation"],"fullName":"Security Tests Business ID Isolation should enforce business_id in all tenant tables","status":"passed","title":"should enforce business_id in all tenant tables","duration":0.8043999999999869,"failureMessages":[],"meta":{}},{"ancestorTitles":["Security Tests","Business ID Isolation"],"fullName":"Security Tests Business ID Isolation should validate business access permissions","status":"passed","title":"should validate business access permissions","duration":0.44509999999991123,"failureMessages":[],"meta":{}},{"ancestorTitles":["Security Tests","Business ID Isolation"],"fullName":"Security Tests Business ID Isolation should prevent SQL injection in queries","status":"passed","title":"should prevent SQL injection in queries","duration":0.33560000000011314,"failureMessages":[],"meta":{}},{"ancestorTitles":["Security Tests","Business ID Isolation"],"fullName":"Security Tests Business ID Isolation should reject string concatenation in queries","status":"passed","title":"should reject string concatenation in queries","duration":0.2539000000001579,"failureMessages":[],"meta":{}},{"ancestorTitles":["Security Tests","Input Validation"],"fullName":"Security Tests Input Validation should validate user input with Zod schemas","status":"passed","title":"should validate user input with Zod schemas","duration":3.0920999999998457,"failureMessages":[],"meta":{}},{"ancestorTitles":["Security Tests","Input Validation"],"fullName":"Security Tests Input Validation should sanitize HTML and script tags","status":"passed","title":"should sanitize HTML and script tags","duration":0.3842000000001917,"failureMessages":[],"meta":{}},{"ancestorTitles":["Security Tests","Authentication & Authorization"],"fullName":"Security Tests Authentication & Authorization should require valid JWT for protected routes","status":"passed","title":"should require valid JWT for protected routes","duration":0.2642000000000735,"failureMessages":[],"meta":{}},{"ancestorTitles":["Security Tests","Authentication & Authorization"],"fullName":"Security Tests Authentication & Authorization should enforce role-based access control","status":"passed","title":"should enforce role-based access control","duration":0.21679999999992106,"failureMessages":[],"meta":{}},{"ancestorTitles":["Security Tests","Authentication & Authorization"],"fullName":"Security Tests Authentication & Authorization should timeout sessions after inactivity","status":"passed","title":"should timeout sessions after inactivity","duration":0.25109999999995125,"failureMessages":[],"meta":{}},{"ancestorTitles":["Security Tests","Rate Limiting"],"fullName":"Security Tests Rate Limiting should enforce rate limits per IP","status":"passed","title":"should enforce rate limits per IP","duration":0.18630000000007385,"failureMessages":[],"meta":{}},{"ancestorTitles":["Security Tests","Rate Limiting"],"fullName":"Security Tests Rate Limiting should track rate limits across different endpoints","status":"passed","title":"should track rate limits across different endpoints","duration":0.18180000000006658,"failureMessages":[],"meta":{}},{"ancestorTitles":["Performance Tests","Query Optimization"],"fullName":"Performance Tests Query Optimization should have indexes on foreign keys","status":"passed","title":"should have indexes on foreign keys","duration":0.47469999999998436,"failureMessages":[],"meta":{}},{"ancestorTitles":["Performance Tests","Query Optimization"],"fullName":"Performance Tests Query Optimization should prevent N+1 queries","status":"passed","title":"should prevent N+1 queries","duration":0.1024000000002161,"failureMessages":[],"meta":{}},{"ancestorTitles":["Performance Tests","Memory Management"],"fullName":"Performance Tests Memory Management should prevent memory leaks in long-running processes","status":"passed","title":"should prevent memory leaks in long-running processes","duration":11.745400000000018,"failureMessages":[],"meta":{}},{"ancestorTitles":["JWT Security Tests"],"fullName":"JWT Security Tests should reject JWT without proper signature verification","status":"passed","title":"should reject JWT without proper signature verification","duration":2.9026000000001204,"failureMessages":[],"meta":{}},{"ancestorTitles":["JWT Security Tests"],"fullName":"JWT Security Tests should validate JWT with proper signature","status":"passed","title":"should validate JWT with proper signature","duration":0.5844999999999345,"failureMessages":[],"meta":{}},{"ancestorTitles":["JWT Security Tests"],"fullName":"JWT Security Tests should check JWT blacklist","status":"passed","title":"should check JWT blacklist","duration":0.27959999999984575,"failureMessages":[],"meta":{}},{"ancestorTitles":["MFA/TOTP Tests"],"fullName":"MFA/TOTP Tests should generate MFA secret with backup codes","status":"passed","title":"should generate MFA secret with backup codes","duration":1.6785999999999603,"failureMessages":[],"meta":{}},{"ancestorTitles":["MFA/TOTP Tests"],"fullName":"MFA/TOTP Tests should verify valid TOTP codes","status":"passed","title":"should verify valid TOTP codes","duration":2.8735999999998967,"failureMessages":[],"meta":{}},{"ancestorTitles":["MFA/TOTP Tests"],"fullName":"MFA/TOTP Tests should enforce MFA rate limiting","status":"passed","title":"should enforce MFA rate limiting","duration":2.2092999999999847,"failureMessages":[],"meta":{}},{"ancestorTitles":["Advanced Rate Limiting Tests"],"fullName":"Advanced Rate Limiting Tests should implement sliding window rate limiting","status":"passed","title":"should implement sliding window rate limiting","duration":3.0757999999998447,"failureMessages":[],"meta":{}},{"ancestorTitles":["Advanced Rate Limiting Tests"],"fullName":"Advanced Rate Limiting Tests should handle different rate limit types","status":"passed","title":"should handle different rate limit types","duration":0.3713999999999942,"failureMessages":[],"meta":{}},{"ancestorTitles":["Input Sanitization Tests"],"fullName":"Input Sanitization Tests should sanitize XSS attempts","status":"passed","title":"should sanitize XSS attempts","duration":1.600400000000036,"failureMessages":[],"meta":{}},{"ancestorTitles":["Input Sanitization Tests"],"fullName":"Input Sanitization Tests should validate email format","status":"passed","title":"should validate email format","duration":0.5141999999998461,"failureMessages":[],"meta":{}},{"ancestorTitles":["Input Sanitization Tests"],"fullName":"Input Sanitization Tests should handle various sanitization options","status":"passed","title":"should handle various sanitization options","duration":0.2601999999999407,"failureMessages":[],"meta":{}},{"ancestorTitles":["CORS Security Tests"],"fullName":"CORS Security Tests should validate request origins","status":"passed","title":"should validate request origins","duration":0.5797999999999774,"failureMessages":[],"meta":{}},{"ancestorTitles":["CORS Security Tests"],"fullName":"CORS Security Tests should generate proper CORS headers","status":"passed","title":"should generate proper CORS headers","duration":0.4601000000000113,"failureMessages":[],"meta":{}},{"ancestorTitles":["Session Management Tests"],"fullName":"Session Management Tests should generate cryptographically secure session IDs","status":"passed","title":"should generate cryptographically secure session IDs","duration":0.950800000000072,"failureMessages":[],"meta":{}},{"ancestorTitles":["Session Management Tests"],"fullName":"Session Management Tests should create and validate sessions","status":"passed","title":"should create and validate sessions","duration":1.54950000000008,"failureMessages":[],"meta":{}},{"ancestorTitles":["Session Management Tests"],"fullName":"Session Management Tests should detect session hijacking attempts","status":"passed","title":"should detect session hijacking attempts","duration":0.5577999999998156,"failureMessages":[],"meta":{}},{"ancestorTitles":["API Key Management Tests"],"fullName":"API Key Management Tests should generate secure API keys","status":"passed","title":"should generate secure API keys","duration":1.803000000000111,"failureMessages":[],"meta":{}},{"ancestorTitles":["API Key Management Tests"],"fullName":"API Key Management Tests should validate API keys","status":"passed","title":"should validate API keys","duration":6.488000000000056,"failureMessages":[],"meta":{}},{"ancestorTitles":["Audit Logging Tests"],"fullName":"Audit Logging Tests should log security events with proper structure","status":"passed","title":"should log security events with proper structure","duration":4.839999999999918,"failureMessages":[],"meta":{}},{"ancestorTitles":["Audit Logging Tests"],"fullName":"Audit Logging Tests should filter audit logs by various criteria","status":"passed","title":"should filter audit logs by various criteria","duration":14.393400000000156,"failureMessages":[],"meta":{}},{"ancestorTitles":["Suspicious Activity Detection Tests"],"fullName":"Suspicious Activity Detection Tests should detect suspicious user agents","status":"passed","title":"should detect suspicious user agents","duration":0.8886999999999716,"failureMessages":[],"meta":{}},{"ancestorTitles":["Suspicious Activity Detection Tests"],"fullName":"Suspicious Activity Detection Tests should detect path traversal attempts","status":"passed","title":"should detect path traversal attempts","duration":0.26700000000005275,"failureMessages":[],"meta":{}},{"ancestorTitles":["Suspicious Activity Detection Tests"],"fullName":"Suspicious Activity Detection Tests should detect SQL injection patterns","status":"passed","title":"should detect SQL injection patterns","duration":0.36609999999996035,"failureMessages":[],"meta":{}},{"ancestorTitles":["Security Headers Tests"],"fullName":"Security Headers Tests should add comprehensive security headers","status":"passed","title":"should add comprehensive security headers","duration":3.09050000000002,"failureMessages":[],"meta":{}},{"ancestorTitles":["Security Headers Tests"],"fullName":"Security Headers Tests should configure CSP headers properly","status":"passed","title":"should configure CSP headers properly","duration":1.3198999999999614,"failureMessages":[],"meta":{}}],"startTime":1759054049261,"endTime":1759054049337.3198,"status":"passed","message":"","name":"C:/Users/ernij/OneDrive/Documents/CoreFlow360 V4/src/tests/security.test.ts"}]}